<?xml version="1.0" encoding="UTF-8"?>
<testng-results ignored="0" total="1" passed="1" failed="0" skipped="0">
  <reporter-output>
  </reporter-output>
  <suite started-at="2022-04-02T15:12:46 COT" name="TestGoogle" finished-at="2022-04-02T15:13:21 COT" duration-ms="34905">
    <groups>
    </groups>
    <test started-at="2022-04-02T15:12:46 COT" name="Command line test" finished-at="2022-04-02T15:13:21 COT" duration-ms="34905">
      <class name="TestGoogle">
        <test-method is-config="true" signature="beforeMethod()[pri:0, instance:TestGoogle@3023df74]" started-at="2022-04-02T15:12:46 COT" name="beforeMethod" finished-at="2022-04-02T15:13:20 COT" duration-ms="34568" status="PASS">
          <reporter-output>
          </reporter-output>
        </test-method> <!-- beforeMethod -->
        <test-method signature="testGoogleSearch()[pri:0, instance:TestGoogle@3023df74]" started-at="2022-04-02T15:13:20 COT" name="testGoogleSearch" finished-at="2022-04-02T15:13:21 COT" duration-ms="301" status="PASS">
          <reporter-output>
          </reporter-output>
        </test-method> <!-- testGoogleSearch -->
      </class> <!-- TestGoogle -->
    </test> <!-- Command line test -->
  </suite> <!-- TestGoogle -->
</testng-results>
